# JRE version: OpenJDK Runtime Environment (11.0.11+9) (build 11.0.11+9-b60-7590822)
# Java VM: OpenJDK 64-Bit Server VM (11.0.11+9-b60-7590822, mixed mode, tiered, compressed oops, g1 gc, windows-amd64)
Heap:
 garbage-first heap   total 155648K, used 53788K [0x0000000080000000, 0x0000000100000000)
  region size 1024K, 3 young (3072K), 3 survivors (3072K)
 Metaspace       used 43147K, capacity 44354K, committed 44592K, reserved 1087488K
  class space    used 5500K, capacity 5928K, committed 6016K, reserved 1048576K
GC Heap History (20 events):
Event: 9.406 GC heap after
{Heap after GC invocations=12 (full 0):
 garbage-first heap   total 129024K, used 44626K [0x0000000080000000, 0x0000000100000000)
  region size 1024K, 3 young (3072K), 3 survivors (3072K)
 Metaspace       used 43072K, capacity 44226K, committed 44336K, reserved 1087488K
  class space    used 5491K, capacity 5928K, committed 6016K, reserved 1048576K
}
Event: 9.799 GC heap before
{Heap before GC invocations=12 (full 0):
 garbage-first heap   total 129024K, used 93778K [0x0000000080000000, 0x0000000100000000)
  region size 1024K, 51 young (52224K), 3 survivors (3072K)
 Metaspace       used 43087K, capacity 44290K, committed 44592K, reserved 1087488K
  class space    used 5491K, capacity 5928K, committed 6016K, reserved 1048576K
}
Event: 9.801 GC heap after
{Heap after GC invocations=13 (full 0):
 garbage-first heap   total 129024K, used 44569K [0x0000000080000000, 0x0000000100000000)
  region size 1024K, 3 young (3072K), 3 survivors (3072K)
 Metaspace       used 43087K, capacity 44290K, committed 44592K, reserved 1087488K
  class space    used 5491K, capacity 5928K, committed 6016K, reserved 1048576K
}
Event: 10.159 GC heap before
{Heap before GC invocations=13 (full 0):
 garbage-first heap   total 129024K, used 95769K [0x0000000080000000, 0x0000000100000000)
  region size 1024K, 53 young (54272K), 3 survivors (3072K)
 Metaspace       used 43089K, capacity 44290K, committed 44592K, reserved 1087488K
  class space    used 5491K, capacity 5928K, committed 6016K, reserved 1048576K
}
Event: 10.162 GC heap after
{Heap after GC invocations=14 (full 0):
 garbage-first heap   total 129024K, used 44919K [0x0000000080000000, 0x0000000100000000)
  region size 1024K, 3 young (3072K), 3 survivors (3072K)
 Metaspace       used 43089K, capacity 44290K, committed 44592K, reserved 1087488K
  class space    used 5491K, capacity 5928K, committed 6016K, reserved 1048576K
}
Event: 10.492 GC heap before
{Heap before GC invocations=14 (full 0):
 garbage-first heap   total 129024K, used 98167K [0x0000000080000000, 0x0000000100000000)
  region size 1024K, 55 young (56320K), 3 survivors (3072K)
 Metaspace       used 43089K, capacity 44290K, committed 44592K, reserved 1087488K
  class space    used 5491K, capacity 5928K, committed 6016K, reserved 1048576K
}
Event: 10.495 GC heap after
{Heap after GC invocations=15 (full 0):
 garbage-first heap   total 129024K, used 45530K [0x0000000080000000, 0x0000000100000000)
  region size 1024K, 4 young (4096K), 4 survivors (4096K)
 Metaspace       used 43089K, capacity 44290K, committed 44592K, reserved 1087488K
  class space    used 5491K, capacity 5928K, committed 6016K, reserved 1048576K
}
Event: 10.864 GC heap before
{Heap before GC invocations=15 (full 0):
 garbage-first heap   total 129024K, used 99802K [0x0000000080000000, 0x0000000100000000)
  region size 1024K, 57 young (58368K), 4 survivors (4096K)
 Metaspace       used 43089K, capacity 44290K, committed 44592K, reserved 1087488K
  class space    used 5491K, capacity 5928K, committed 6016K, reserved 1048576K
}
Event: 10.868 GC heap after
{Heap after GC invocations=16 (full 0):
 garbage-first heap   total 129024K, used 45994K [0x0000000080000000, 0x0000000100000000)
  region size 1024K, 4 young (4096K), 4 survivors (4096K)
 Metaspace       used 43089K, capacity 44290K, committed 44592K, reserved 1087488K
  class space    used 5491K, capacity 5928K, committed 6016K, reserved 1048576K
}
Event: 11.301 GC heap before
{Heap before GC invocations=16 (full 0):
 garbage-first heap   total 129024K, used 102314K [0x0000000080000000, 0x0000000100000000)
  region size 1024K, 58 young (59392K), 4 survivors (4096K)
 Metaspace       used 43090K, capacity 44290K, committed 44592K, reserved 1087488K
  class space    used 5491K, capacity 5928K, committed 6016K, reserved 1048576K
}
Event: 11.307 GC heap after
{Heap after GC invocations=17 (full 0):
 garbage-first heap   total 129024K, used 49058K [0x0000000080000000, 0x0000000100000000)
  region size 1024K, 7 young (7168K), 7 survivors (7168K)
 Metaspace       used 43090K, capacity 44290K, committed 44592K, reserved 1087488K
  class space    used 5491K, capacity 5928K, committed 6016K, reserved 1048576K
}
Event: 11.653 GC heap before
{Heap before GC invocations=17 (full 0):
 garbage-first heap   total 129024K, used 102306K [0x0000000080000000, 0x0000000100000000)
  region size 1024K, 59 young (60416K), 7 survivors (7168K)
 Metaspace       used 43097K, capacity 44290K, committed 44592K, reserved 1087488K
  class space    used 5491K, capacity 5928K, committed 6016K, reserved 1048576K
}
Event: 11.661 GC heap after
{Heap after GC invocations=18 (full 0):
 garbage-first heap   total 129024K, used 51849K [0x0000000080000000, 0x0000000100000000)
  region size 1024K, 7 young (7168K), 7 survivors (7168K)
 Metaspace       used 43097K, capacity 44290K, committed 44592K, reserved 1087488K
  class space    used 5491K, capacity 5928K, committed 6016K, reserved 1048576K
}
Event: 11.946 GC heap before
{Heap before GC invocations=18 (full 0):
 garbage-first heap   total 129024K, used 104073K [0x0000000080000000, 0x0000000100000000)
  region size 1024K, 58 young (59392K), 7 survivors (7168K)
 Metaspace       used 43101K, capacity 44290K, committed 44592K, reserved 1087488K
  class space    used 5491K, capacity 5928K, committed 6016K, reserved 1048576K
}
Event: 11.952 GC heap after
{Heap after GC invocations=19 (full 0):
 garbage-first heap   total 129024K, used 52605K [0x0000000080000000, 0x0000000100000000)
  region size 1024K, 4 young (4096K), 4 survivors (4096K)
 Metaspace       used 43101K, capacity 44290K, committed 44592K, reserved 1087488K
  class space    used 5491K, capacity 5928K, committed 6016K, reserved 1048576K
}
Event: 12.209 GC heap before
{Heap before GC invocations=19 (full 0):
 garbage-first heap   total 129024K, used 104829K [0x0000000080000000, 0x0000000100000000)
  region size 1024K, 55 young (56320K), 4 survivors (4096K)
 Metaspace       used 43101K, capacity 44290K, committed 44592K, reserved 1087488K
  class space    used 5491K, capacity 5928K, committed 6016K, reserved 1048576K
}
Event: 12.212 GC heap after
{Heap after GC invocations=20 (full 0):
 garbage-first heap   total 129024K, used 52566K [0x0000000080000000, 0x0000000100000000)
  region size 1024K, 4 young (4096K), 4 survivors (4096K)
 Metaspace       used 43101K, capacity 44290K, committed 44592K, reserved 1087488K
  class space    used 5491K, capacity 5928K, committed 6016K, reserved 1048576K
}
Event: 12.574 GC heap before
{Heap before GC invocations=20 (full 0):
 garbage-first heap   total 129024K, used 105814K [0x0000000080000000, 0x0000000100000000)
  region size 1024K, 56 young (57344K), 4 survivors (4096K)
 Metaspace       used 43101K, capacity 44290K, committed 44592K, reserved 1087488K
  class space    used 5491K, capacity 5928K, committed 6016K, reserved 1048576K
}
Event: 12.578 GC heap after
{Heap after GC invocations=21 (full 0):
 garbage-first heap   total 129024K, used 53352K [0x0000000080000000, 0x0000000100000000)
  region size 1024K, 5 young (5120K), 5 survivors (5120K)
 Metaspace       used 43101K, capacity 44290K, committed 44592K, reserved 1087488K
  class space    used 5491K, capacity 5928K, committed 6016K, reserved 1048576K
}
Event: 12.919 GC heap before
{Heap before GC invocations=21 (full 0):
 garbage-first heap   total 129024K, used 106600K [0x0000000080000000, 0x0000000100000000)
  region size 1024K, 57 young (58368K), 5 survivors (5120K)
 Metaspace       used 43147K, capacity 44354K, committed 44592K, reserved 1087488K
  class space    used 5500K, capacity 5928K, committed 6016K, reserved 1048576K
}

